[16:07:53] DEBUG: Creating DataWriter for file 'barmini.ndt'
[16:07:53] INFO: Creating Sim object 'barmini' (rank=0/1).
[16:07:53] INFO: <Mesh of topological dimension 3 (tetrahedra) with 45 vertices and 96 cells, ordered>
[16:07:53] DEBUG: Creating LLG object.
[16:07:53] DEBUG: Creating Exchange object with method box-matrix-petsc,  in Jacobian.
[16:07:53] DEBUG: Adding interaction Exchange to simulation.
[16:07:53] DEBUG: Creating Demag object with solver 'FK'.
[16:07:53] DEBUG: Demag parameters now: {'phi_1': {'absolute_tolerance': 1e-06, 'relative_tolerance': 1e-06, 'maximum_iterations': 10000}, 'phi_2': {'absolute_tolerance': 1e-06, 'relative_tolerance': 1e-06, 'maximum_iterations': 10000}, 'phi_2_solver': 'default', 'phi_2_preconditioner': 'default', 'phi_1_preconditioner': 'default', 'phi_1_solver': 'default'}
[16:07:53] DEBUG: Adding interaction Demag to simulation.
[16:07:53] DEBUG: Using Krylov solver for demag.
[16:07:53] DEBUG: Creating macro-geometry with demag 1 x 1 tiles (dxdy: 3.0 x 3.0)
[16:07:53] DEBUG: Boundary element matrix uses 0.01 MB of memory.
[16:07:53] DEBUG: Successfully created simulation 'barmini'
[16:07:54] INFO: Simulation will run until t = 1e-10 s.
[16:07:54] INFO: Create integrator sundials with kwargs={}
[16:07:54] DEBUG: Creating integrator with backend sundials.
[16:07:54] DEBUG: Updating get method for steps in TableWriter(name=barmini.ndt)
[16:07:54] DEBUG: Updating get method for last_step_dt in TableWriter(name=barmini.ndt)
[16:07:54] DEBUG: Updating get method for dmdt in TableWriter(name=barmini.ndt)
[16:08:02] INFO: Simulation has reached time t = 1e-10 s.
